<?xml version="1.0" encoding="UTF-8"?>
<!-- Generated by org.testng.reporters.JUnitReportReporter -->
<testsuite hostname="LAPTOP-MNNM6MBN" failures="0" tests="1" name="com.simpletest.FistApitest" time="4.396" errors="0" timestamp="2023-03-13T22:42:58 CDT" skipped="0">
  <testcase classname="com.simpletest.FistApitest" name="createdata" time="4.396"/>
  <system-out/>
</testsuite> <!-- com.simpletest.FistApitest -->
